---------------------------------------------------------------------------------------
                    Send BW Test
 Dual-port       : OFF		Device         : [DEV]
 Number of qps   : 4		Transport type : IB
 Connection type : RC		Using SRQ      : OFF
 PCIe relax order: ON
 ibv_wr* API     : ON
 TX depth        : 128
 CQ Moderation   : 100
 Mtu             : 1024[B]
 Link type       : Ethernet
 GID index       : 3
 Max inline data : 0[B]
 rdma_cm QPs	 : OFF
 Data ex. method : Ethernet
---------------------------------------------------------------------------------------
 local address: LID 0000 QPN 0x01cf PSN 0xe6b982
 GID: 00:00:00:00:00:00:00:00:00:00:[IP]
 local address: LID 0000 QPN 0x01d0 PSN 0x873244
 GID: 00:00:00:00:00:00:00:00:00:00:[IP]
 local address: LID 0000 QPN 0x01d1 PSN 0xdb003e
 GID: 00:00:00:00:00:00:00:00:00:00:[IP]
 local address: LID 0000 QPN 0x01d2 PSN 0xc56db5
 GID: 00:00:00:00:00:00:00:00:00:00:[IP]
 remote address: LID 0000 QPN 0x01cf PSN 0x26220e
 GID: 00:00:00:00:00:00:00:00:00:00:[IP]
 remote address: LID 0000 QPN 0x01d0 PSN 0x847de0
 GID: 00:00:00:00:00:00:00:00:00:00:[IP]
 remote address: LID 0000 QPN 0x01d1 PSN 0x7259aa
 GID: 00:00:00:00:00:00:00:00:00:00:[IP]
 remote address: LID 0000 QPN 0x01d2 PSN 0x1d88b1
 GID: 00:00:00:00:00:00:00:00:00:00:[IP]
---------------------------------------------------------------------------------------
 #bytes     #iterations    BW peak[MB/sec]    BW average[MB/sec]   MsgRate[Mpps]
 2          4000             14.05              13.87  		   7.270332
 4          4000             28.22              28.16  		   7.381872
 8          4000             56.77              56.60  		   7.419179
 16         4000             113.20             113.03 		   7.407561
 32         4000             225.72             225.06 		   7.374908
 64         4000             452.78             452.59 		   7.415207
 128        4000             900.21             899.70 		   7.370344
 256        4000             1811.13            1807.69		   7.404292
 512        4000             3590.32            3588.59		   7.349429
 1024       4000             7159.49            7117.47		   7.288289
 2048       4000             14153.08            14136.34		   7.237807
 4096       4000             20218.69            20137.45		   5.155187
 8192       4000             20733.81            20716.20		   2.651673
 16384      4000             20911.70            20902.55		   1.337763
 32768      4000             21018.29            21015.17		   0.672485
 65536      4000             21066.19            21064.32		   0.337029
 131072     4000             21093.49            21092.21		   0.168738
 262144     4000             21105.60            21105.11		   0.084420
 524288     4000             21112.73            21112.71		   0.042225
 1048576    4000             21116.35            21116.30		   0.021116
 2097152    4000             21117.76            21117.67		   0.010559
 4194304    4000             21118.69            21118.65		   0.005280
 8388608    4000             21118.03            21118.02		   0.002640
---------------------------------------------------------------------------------------
