---------------------------------------------------------------------------------------
                    Send BW Test
 Dual-port       : OFF		Device         : [DEV]
 Number of qps   : 4		Transport type : IB
 Connection type : RC		Using SRQ      : OFF
 PCIe relax order: ON
 ibv_wr* API     : ON
 TX depth        : 128
 CQ Moderation   : 100
 Mtu             : 1024[B]
 Link type       : Ethernet
 GID index       : 3
 Max inline data : 0[B]
 rdma_cm QPs	 : OFF
 Data ex. method : Ethernet
---------------------------------------------------------------------------------------
 local address: LID 0000 QPN 0x3bc0 PSN 0x787485
 GID: 00:00:00:00:00:00:00:00:00:00:[IP]
 local address: LID 0000 QPN 0x3bc1 PSN 0x5c848b
 GID: 00:00:00:00:00:00:00:00:00:00:[IP]
 local address: LID 0000 QPN 0x3bc2 PSN 0xed279
 GID: 00:00:00:00:00:00:00:00:00:00:[IP]
 local address: LID 0000 QPN 0x3bc3 PSN 0x1af2d4
 GID: 00:00:00:00:00:00:00:00:00:00:[IP]
 remote address: LID 0000 QPN 0x3ce9 PSN 0x1157aa
 GID: 00:00:00:00:00:00:00:00:00:00:[IP]
 remote address: LID 0000 QPN 0x3cea PSN 0xa4794c
 GID: 00:00:00:00:00:00:00:00:00:00:[IP]
 remote address: LID 0000 QPN 0x3ceb PSN 0x836ea6
 GID: 00:00:00:00:00:00:00:00:00:00:[IP]
 remote address: LID 0000 QPN 0x3cec PSN 0x8ddffd
 GID: 00:00:00:00:00:00:00:00:00:00:[IP]
---------------------------------------------------------------------------------------
 #bytes     #iterations    BW peak[MB/sec]    BW average[MB/sec]   MsgRate[Mpps]
 2          4000             6.34               4.05   		   2.121573
 4          4000             12.80              12.78  		   3.349200
 8          4000             25.53              25.52  		   3.344466
 16         4000             51.48              51.43  		   3.370674
 32         4000             103.10             102.97 		   3.374256
 64         4000             205.64             205.46 		   3.366203
 128        4000             411.29             411.12 		   3.367861
 256        4000             820.37             819.90 		   3.358306
 512        4000             1663.08            1661.21		   3.402154
 1024       4000             3294.75            3294.40		   3.373464
 2048       4000             3438.60            3436.28		   1.759376
 4096       4000             3525.50            3524.35		   0.902234
 8192       4000             3351.33            2244.24		   0.287263
 16384      4000             3458.36            1466.87		   0.093880
 32768      4000             1644.39            1110.56		   0.035538
 65536      4000             1573.68            676.26 		   0.010820
 131072     4000             3017.72            2419.27		   0.019354
 262144     4000             3029.37            2761.83		   0.011047
 524288     4000             3052.26            3008.63		   0.006017
 1048576    4000             3104.52            3104.52		   0.003105
 2097152    4000             3139.87            3139.87		   0.001570
 4194304    4000             3154.90            3154.90		   0.000789
 8388608    4000             3175.79            3175.79		   0.000397
---------------------------------------------------------------------------------------
