---------------------------------------------------------------------------------------
                    RDMA_Write BW Test
 Dual-port       : OFF		Device         : [DEV]
 Number of qps   : 4		Transport type : IB
 Connection type : RC		Using SRQ      : OFF
 PCIe relax order: ON
 ibv_wr* API     : ON
 TX depth        : 128
 CQ Moderation   : 100
 Mtu             : 1024[B]
 Link type       : Ethernet
 GID index       : 3
 Max inline data : 0[B]
 rdma_cm QPs	 : OFF
 Data ex. method : Ethernet
---------------------------------------------------------------------------------------
 local address: LID 0000 QPN 0x028e PSN 0xc0c4ee
 GID: 00:00:00:00:00:00:00:00:00:00:[IP]
 local address: LID 0000 QPN 0x028f PSN 0x311740
 GID: 00:00:00:00:00:00:00:00:00:00:[IP]
 local address: LID 0000 QPN 0x0290 PSN 0x3be78a
 GID: 00:00:00:00:00:00:00:00:00:00:[IP]
 local address: LID 0000 QPN 0x0291 PSN 0xe63111
 GID: 00:00:00:00:00:00:00:00:00:00:[IP]
 remote address: LID 0000 QPN 0x03b7 PSN 0x37743b
 GID: 00:00:00:00:00:00:00:00:00:00:[IP]
 remote address: LID 0000 QPN 0x03b8 PSN 0xab5c40
 GID: 00:00:00:00:00:00:00:00:00:00:[IP]
 remote address: LID 0000 QPN 0x03b9 PSN 0xd2d554
 GID: 00:00:00:00:00:00:00:00:00:00:[IP]
 remote address: LID 0000 QPN 0x03ba PSN 0x8e78dc
 GID: 00:00:00:00:00:00:00:00:00:00:[IP]
---------------------------------------------------------------------------------------
 #bytes     #iterations    BW peak[MB/sec]    BW average[MB/sec]   MsgRate[Mpps]
 2          20000            13.51              11.10  		   5.821086
 4          20000            28.30              28.19  		   7.390144
 8          20000            56.60              56.38  		   7.390017
 16         20000            113.20             112.77 		   7.390673
 32         20000            226.40             225.55 		   7.390707
 64         20000            452.77             450.99 		   7.388956
 128        20000            902.89             900.11 		   7.373711
 256        20000            1805.77            1796.10		   7.356823
 512        20000            3600.89            3591.61		   7.355611
 1024       20000            7138.64            7111.80		   7.282481
 2048       20000            12176.59            12134.69		   6.212961
 4096       20000            12160.99            12147.60		   3.109786
 8192       20000            11938.47            8985.36		   1.150126
 16384      20000            10111.51            5117.39		   0.327513
 32768      20000            6588.93            4858.86		   0.155483
 65536      20000            11659.58            8441.53		   0.135065
 131072     20000            11662.19            10923.76		   0.087390
 262144     20000            11736.43            11490.70		   0.045963
 524288     20000            11785.15            11687.53		   0.023375
 1048576    20000            11782.94            11775.98		   0.011776
 2097152    20000            11817.95            11817.94		   0.005909
 4194304    20000            11841.69            11841.69		   0.002960
 8388608    20000            11851.96            11851.64		   0.001481
---------------------------------------------------------------------------------------
