---------------------------------------------------------------------------------------
                    RDMA_Write BW Test
 Dual-port       : OFF		Device         : [DEV]
 Number of qps   : 4		Transport type : IB
 Connection type : RC		Using SRQ      : OFF
 PCIe relax order: ON
 ibv_wr* API     : ON
 TX depth        : 128
 CQ Moderation   : 100
 Mtu             : 1024[B]
 Link type       : Ethernet
 GID index       : 3
 Max inline data : 0[B]
 rdma_cm QPs	 : OFF
 Data ex. method : Ethernet
---------------------------------------------------------------------------------------
 local address: LID 0000 QPN 0x048c PSN 0x544326
 GID: 00:00:00:00:00:00:00:00:00:00:[IP]
 local address: LID 0000 QPN 0x048d PSN 0x7a984f
 GID: 00:00:00:00:00:00:00:00:00:00:[IP]
 local address: LID 0000 QPN 0x048e PSN 0xd8e1b7
 GID: 00:00:00:00:00:00:00:00:00:00:[IP]
 local address: LID 0000 QPN 0x048f PSN 0x86b103
 GID: 00:00:00:00:00:00:00:00:00:00:[IP]
 remote address: LID 0000 QPN 0x05b5 PSN 0xbb87c5
 GID: 00:00:00:00:00:00:00:00:00:00:[IP]
 remote address: LID 0000 QPN 0x05b6 PSN 0x3736cb
 GID: 00:00:00:00:00:00:00:00:00:00:[IP]
 remote address: LID 0000 QPN 0x05b7 PSN 0x5237b9
 GID: 00:00:00:00:00:00:00:00:00:00:[IP]
 remote address: LID 0000 QPN 0x05b8 PSN 0xc48f14
 GID: 00:00:00:00:00:00:00:00:00:00:[IP]
---------------------------------------------------------------------------------------
 #bytes     #iterations    BW peak[MB/sec]    BW average[MB/sec]   MsgRate[Mpps]
 2          20000            13.36              10.91  		   5.720083
 4          20000            28.05              27.81  		   7.289771
 8          20000            56.10              55.73  		   7.304482
 16         20000            112.20             111.50 		   7.307150
 32         20000            224.39             222.57 		   7.293273
 64         20000            447.49             444.65 		   7.285095
 128        20000            894.94             888.71 		   7.280278
 256        20000            1789.88            1778.33		   7.284036
 512        20000            3579.77            3547.40		   7.265066
 1024       20000            7117.87            7068.81		   7.238460
 2048       20000            11680.99            11653.28		   5.966477
 4096       20000            11681.37            11680.74		   2.990270
 8192       20000            11570.90            11104.78		   1.421412
 16384      20000            11214.86            9244.06		   0.591620
 32768      20000            11028.37            4962.23		   0.158791
 65536      20000            10984.18            6883.80		   0.110141
 131072     20000            11068.78            9776.83		   0.078215
 262144     20000            11169.89            10737.04		   0.042948
 524288     20000            11265.68            11122.95		   0.022246
 1048576    20000            11252.54            11192.02		   0.011192
 2097152    20000            11264.61            11264.59		   0.005632
 4194304    20000            11290.26            11290.25		   0.002823
 8388608    20000            11312.16            11312.16		   0.001414
---------------------------------------------------------------------------------------
