---------------------------------------------------------------------------------------
                    RDMA_Write BW Test
 Dual-port       : OFF		Device         : [DEV]
 Number of qps   : 4		Transport type : IB
 Connection type : RC		Using SRQ      : OFF
 PCIe relax order: ON
 ibv_wr* API     : ON
 TX depth        : 128
 CQ Moderation   : 100
 Mtu             : 1024[B]
 Link type       : Ethernet
 GID index       : 3
 Max inline data : 0[B]
 rdma_cm QPs	 : OFF
 Data ex. method : Ethernet
---------------------------------------------------------------------------------------
 local address: LID 0000 QPN 0x01d4 PSN 0x49b79b
 GID: 00:00:00:00:00:00:00:00:00:00:[IP]
 local address: LID 0000 QPN 0x01d5 PSN 0x3d8e9
 GID: 00:00:00:00:00:00:00:00:00:00:[IP]
 local address: LID 0000 QPN 0x01d6 PSN 0xc2327f
 GID: 00:00:00:00:00:00:00:00:00:00:[IP]
 local address: LID 0000 QPN 0x01d7 PSN 0x483962
 GID: 00:00:00:00:00:00:00:00:00:00:[IP]
 remote address: LID 0000 QPN 0x01d4 PSN 0x34a2ea
 GID: 00:00:00:00:00:00:00:00:00:00:[IP]
 remote address: LID 0000 QPN 0x01d5 PSN 0x47038c
 GID: 00:00:00:00:00:00:00:00:00:00:[IP]
 remote address: LID 0000 QPN 0x01d6 PSN 0xedcbe6
 GID: 00:00:00:00:00:00:00:00:00:00:[IP]
 remote address: LID 0000 QPN 0x01d8 PSN 0x9f143d
 GID: 00:00:00:00:00:00:00:00:00:00:[IP]
---------------------------------------------------------------------------------------
 #bytes     #iterations    BW peak[MB/sec]    BW average[MB/sec]   MsgRate[Mpps]
 2          20000            13.62              13.56  		   7.109469
 4          20000            28.22              28.07  		   7.359000
 8          20000            56.43              56.28  		   7.376550
 16         20000            113.20             112.76 		   7.390052
 32         20000            226.39             225.16 		   7.378114
 64         20000            451.44             450.63 		   7.383072
 128        20000            902.89             899.94 		   7.372270
 256        20000            1800.45            1789.18		   7.328494
 512        20000            3590.30            3576.51		   7.324694
 1024       20000            7138.61            7120.79		   7.291693
 2048       20000            14153.08            14109.36		   7.223991
 4096       20000            20911.40            20907.99		   5.352445
 8192       20000            21023.95            21015.90		   2.690035
 16384      20000            21069.31            21067.85		   1.348342
 32768      20000            21097.76            21092.62		   0.674964
 65536      20000            21109.32            21106.63		   0.337706
 131072     20000            21113.44            21113.15		   0.168905
 262144     20000            21116.29            21116.09		   0.084464
 524288     20000            21118.00            21117.83		   0.042236
 1048576    20000            21118.61            21118.60		   0.021119
 2097152    20000            21117.72            21117.27		   0.010559
 4194304    20000            21045.43            21043.22		   0.005261
 8388608    20000            21116.67            21115.40		   0.002639
---------------------------------------------------------------------------------------
