---------------------------------------------------------------------------------------
                    RDMA_Write BW Test
 Dual-port       : OFF		Device         : [DEV]
 Number of qps   : 4		Transport type : IB
 Connection type : RC		Using SRQ      : OFF
 PCIe relax order: ON
 ibv_wr* API     : ON
 TX depth        : 128
 CQ Moderation   : 100
 Mtu             : 1024[B]
 Link type       : Ethernet
 GID index       : 3
 Max inline data : 0[B]
 rdma_cm QPs	 : OFF
 Data ex. method : Ethernet
---------------------------------------------------------------------------------------
 local address: LID 0000 QPN 0x3bc5 PSN 0xf749b4
 GID: 00:00:00:00:00:00:00:00:00:00:[IP]
 local address: LID 0000 QPN 0x3bc6 PSN 0x39838e
 GID: 00:00:00:00:00:00:00:00:00:00:[IP]
 local address: LID 0000 QPN 0x3bc7 PSN 0x818c0
 GID: 00:00:00:00:00:00:00:00:00:00:[IP]
 local address: LID 0000 QPN 0x3bc8 PSN 0xd5a90f
 GID: 00:00:00:00:00:00:00:00:00:00:[IP]
 remote address: LID 0000 QPN 0x3cee PSN 0xd8117a
 GID: 00:00:00:00:00:00:00:00:00:00:[IP]
 remote address: LID 0000 QPN 0x3cef PSN 0xf276dc
 GID: 00:00:00:00:00:00:00:00:00:00:[IP]
 remote address: LID 0000 QPN 0x3cf0 PSN 0x47c4f6
 GID: 00:00:00:00:00:00:00:00:00:00:[IP]
 remote address: LID 0000 QPN 0x3cf1 PSN 0x72800d
 GID: 00:00:00:00:00:00:00:00:00:00:[IP]
---------------------------------------------------------------------------------------
 #bytes     #iterations    BW peak[MB/sec]    BW average[MB/sec]   MsgRate[Mpps]
 2          20000            6.93               6.18   		   3.240753
 4          20000            13.96              13.95  		   3.655678
 8          20000            27.84              27.82  		   3.646247
 16         20000            55.85              55.77  		   3.655048
 32         20000            111.70             111.54 		   3.655101
 64         20000            223.08             223.06 		   3.654553
 128        20000            448.15             448.11 		   3.670954
 256        20000            901.55             900.54 		   3.688622
 512        20000            1803.09            1800.48		   3.687380
 1024       20000            3606.21            3602.80		   3.689263
 2048       20000            3611.55            3610.43		   1.848538
 4096       20000            3623.61            3623.38		   0.927585
 8192       20000            3365.72            2427.26		   0.310689
 16384      20000            3295.86            1471.38		   0.094168
 32768      20000            3214.49            2565.29		   0.082089
 65536      20000            3192.31            2900.57		   0.046409
 131072     20000            3186.17            3026.89		   0.024215
 262144     20000            3194.40            3115.42		   0.012462
 524288     20000            3192.19            3162.65		   0.006325
 1048576    20000            3200.13            3193.41		   0.003193
 2097152    20000            3201.13            3201.12		   0.001601
 4194304    20000            3212.79            3212.79		   0.000803
 8388608    20000            3220.85            3220.85		   0.000403
---------------------------------------------------------------------------------------
