---------------------------------------------------------------------------------------
                    Send BW Test
 Dual-port       : OFF		Device         : [DEV]
 Number of qps   : 4		Transport type : IB
 Connection type : RC		Using SRQ      : OFF
 PCIe relax order: ON
 ibv_wr* API     : ON
 TX depth        : 128
 CQ Moderation   : 100
 Mtu             : 1024[B]
 Link type       : Ethernet
 GID index       : 3
 Max inline data : 0[B]
 rdma_cm QPs	 : OFF
 Data ex. method : Ethernet
---------------------------------------------------------------------------------------
 local address: LID 0000 QPN 0x0289 PSN 0x31a5b4
 GID: 00:00:00:00:00:00:00:00:00:00:[IP]
 local address: LID 0000 QPN 0x028a PSN 0xbaaf8e
 GID: 00:00:00:00:00:00:00:00:00:00:[IP]
 local address: LID 0000 QPN 0x028b PSN 0x8fd4c0
 GID: 00:00:00:00:00:00:00:00:00:00:[IP]
 local address: LID 0000 QPN 0x028c PSN 0x88b50f
 GID: 00:00:00:00:00:00:00:00:00:00:[IP]
 remote address: LID 0000 QPN 0x03b2 PSN 0x1c0fce
 GID: 00:00:00:00:00:00:00:00:00:00:[IP]
 remote address: LID 0000 QPN 0x03b3 PSN 0xd538a0
 GID: 00:00:00:00:00:00:00:00:00:00:[IP]
 remote address: LID 0000 QPN 0x03b4 PSN 0x9a5d6a
 GID: 00:00:00:00:00:00:00:00:00:00:[IP]
 remote address: LID 0000 QPN 0x03b5 PSN 0x85a171
 GID: 00:00:00:00:00:00:00:00:00:00:[IP]
---------------------------------------------------------------------------------------
 #bytes     #iterations    BW peak[MB/sec]    BW average[MB/sec]   MsgRate[Mpps]
 2          4000             14.16              6.41   		   3.362714
 4          4000             28.22              28.05  		   7.352855
 8          4000             56.77              56.58  		   7.416555
 16         4000             112.86             112.45 		   7.369399
 32         4000             225.06             224.15 		   7.344805
 64         4000             451.44             451.27 		   7.393654
 128        4000             902.89             899.57 		   7.369295
 256        4000             1805.77            1789.23		   7.328703
 512        4000             3611.55            3598.96		   7.370674
 1024       4000             7117.80            7103.68		   7.274166
 2048       4000             11276.70            11254.96		   5.762540
 4096       4000             11408.44            11393.33		   2.916692
 8192       4000             7920.21            6692.74		   0.856671
 16384      4000             11224.99            5721.04		   0.366147
 32768      4000             7862.82            3534.58		   0.113107
 65536      4000             9586.44            4281.82		   0.068509
 131072     4000             7318.50            3329.31		   0.026634
 262144     4000             10729.25            9844.63		   0.039379
 524288     4000             10912.93            10651.44		   0.021303
 1048576    4000             10886.08            10841.16		   0.010841
 2097152    4000             11084.76            11084.75		   0.005542
 4194304    4000             11196.16            11196.15		   0.002799
 8388608    4000             11223.53            11223.52		   0.001403
---------------------------------------------------------------------------------------
