---------------------------------------------------------------------------------------
                    Send BW Test
 Dual-port       : OFF		Device         : [DEV]
 Number of qps   : 4		Transport type : IB
 Connection type : RC		Using SRQ      : OFF
 PCIe relax order: ON
 ibv_wr* API     : ON
 TX depth        : 128
 CQ Moderation   : 100
 Mtu             : 1024[B]
 Link type       : Ethernet
 GID index       : 3
 Max inline data : 0[B]
 rdma_cm QPs	 : OFF
 Data ex. method : Ethernet
---------------------------------------------------------------------------------------
 local address: LID 0000 QPN 0x0487 PSN 0x9f40c2
 GID: 00:00:00:00:00:00:00:00:00:00:[IP]
 local address: LID 0000 QPN 0x0488 PSN 0x9c4884
 GID: 00:00:00:00:00:00:00:00:00:00:[IP]
 local address: LID 0000 QPN 0x0489 PSN 0xd2f97e
 GID: 00:00:00:00:00:00:00:00:00:00:[IP]
 local address: LID 0000 QPN 0x048a PSN 0x4a0df5
 GID: 00:00:00:00:00:00:00:00:00:00:[IP]
 remote address: LID 0000 QPN 0x05b0 PSN 0x69f812
 GID: 00:00:00:00:00:00:00:00:00:00:[IP]
 remote address: LID 0000 QPN 0x05b1 PSN 0x5e3594
 GID: 00:00:00:00:00:00:00:00:00:00:[IP]
 remote address: LID 0000 QPN 0x05b2 PSN 0x21494e
 GID: 00:00:00:00:00:00:00:00:00:00:[IP]
 remote address: LID 0000 QPN 0x05b3 PSN 0x16e985
 GID: 00:00:00:00:00:00:00:00:00:00:[IP]
---------------------------------------------------------------------------------------
 #bytes     #iterations    BW peak[MB/sec]    BW average[MB/sec]   MsgRate[Mpps]
 2          4000             13.98              6.50   		   3.406008
 4          4000             27.89              27.86  		   7.302660
 8          4000             54.97              54.47  		   7.139746
 16         4000             109.93             109.76 		   7.193365
 32         4000             221.79             219.23 		   7.183785
 64         4000             442.28             440.95 		   7.224473
 128        4000             879.44             876.48 		   7.180121
 256        4000             1769.13            1767.64		   7.240238
 512        4000             3517.88            3509.98		   7.188442
 1024       4000             6995.60            6975.01		   7.142411
 2048       4000             11276.48            11264.25		   5.767296
 4096       4000             11502.50            11496.36		   2.943067
 8192       4000             11296.27            9748.78		   1.247844
 16384      4000             11167.26            5140.44		   0.328988
 32768      4000             10947.84            4555.46		   0.145775
 65536      4000             6774.63            4226.55		   0.067625
 131072     4000             5370.80            5194.67		   0.041557
 262144     4000             9618.79            6706.62		   0.026826
 524288     4000             10788.30            9954.81		   0.019910
 1048576    4000             10894.46            10676.95		   0.010677
 2097152    4000             11068.31            11068.30		   0.005534
 4194304    4000             11110.54            11110.53		   0.002778
 8388608    4000             11187.02            11187.02		   0.001398
---------------------------------------------------------------------------------------
